Arguments: 
  /usr/local/bin/node /usr/local/Cellar/yarn/1.22.17_2/libexec/bin/yarn.js init

PATH: 
  /usr/local/bin:/usr/bin:/bin:/usr/sbin:/sbin:/Library/Apple/usr/bin:/usr/local/bin

Yarn version: 
  1.22.17

Node version: 
  16.16.0

Platform: 
  darwin x64

Trace: 
  Error: canceled
      at Interface.<anonymous> (/usr/local/Cellar/yarn/1.22.17_2/libexec/lib/cli.js:137143:13)
      at Interface.emit (node:events:527:28)
      at Interface._ttyWrite (node:readline:1081:16)
      at ReadStream.onkeypress (node:readline:288:10)
      at ReadStream.emit (node:events:527:28)
      at emitKeys (node:internal/readline/utils:358:14)
      at emitKeys.next (<anonymous>)
      at ReadStream.onData (node:internal/readline/emitKeypressEvents:61:36)
      at ReadStream.emit (node:events:527:28)
      at addChunk (node:internal/streams/readable:315:12)

npm manifest: 
  {
    "name": "web-interview",
    "version": "1.0.0",
    "description": "web面试题库",
    "main": "index.js",
    "scripts": {
      "test": "echo \"Error: no test specified\" && exit 1",
      "dev": "vuepress dev docs",
      "build": "vuepress build docs"
    },
    "repository": {
      "type": "git",
      "url": "git+https://github.com/febobo/web-interview.git"
    },
    "keywords": [
      "web",
      "interview"
    ],
    "author": "",
    "license": "ISC",
    "bugs": {
      "url": "https://github.com/febobo/web-interview/issues"
    },
    "homepage": "https://github.com/febobo/web-interview#readme",
    "devDependencies": {
      "vuepress": "^1.7.1"
    }
  }

yarn manifest: 
  No manifest

Lockfile: 
  No lockfile
